dic 18, 2024 4:07:26 P. M. org.example.Sistema.LoggerToFile logInfo
INFO: 
PERSONA FISICA LOGUEADA
dic 18, 2024 4:07:34 P. M. org.example.Sistema.LoggerToFile logInfo
INFO: 
DONACION DE DINERO DE: 1000 PESOS REGISTRADA CON EXITO
dic 18, 2024 4:07:52 P. M. org.example.Sistema.LoggerToFile logInfo
INFO: 
DONACION DE VIANDA SOLICITADA EN HELADERA81147734
CON EL NOMBRE DE VIANDA arroz
CON FECHA DE VENCIMIENTO 2920-12-19
CON 10 CALORiAS Y 100 GRAMOS
dic 18, 2024 4:12:21 P. M. org.example.Sistema.LoggerToFile logInfo
INFO: 
SE REGISTRO UNA SOLICITUD DE DISTRIBUCION DE VIANDAS DESDE LA HELADERA: 6fb460f4
 A LA HELADERA DESTINO:  81147734
 CON UNA CANTIDAD DE : 120 VIANDAS A MOVER, PARA LA FECHA 2024-12-19
 CON EL MOTIVO DE: faltantes
dic 18, 2024 4:14:50 P. M. org.example.Sistema.LoggerToFile logInfo
INFO: 
EL USUARIO REALIZO UNA SOLICITUD DE 12 TARJETAS
dic 18, 2024 4:15:22 P. M. org.example.Sistema.LoggerToFile logInfo
INFO: 
SE REGISTRO UNA NUEVA PERSONA EN SITUACION VULNERABLE CON: 
NOMBRE Y APELLIDO: claudio gonzales
FECHA DE NACIMIENTO 1989-12-11
CANTIDAD DE MENORES A CARGO 3
Y SITUACION DE CALLE true
dic 18, 2024 4:16:33 P. M. org.example.Sistema.LoggerToFile logInfo
INFO: 
SE REGISTRO UNA NUEVA PERSONA EN SITUACION VULNERABLE CON: 
NOMBRE Y APELLIDO: SANTIAGO CORBALAN
FECHA DE NACIMIENTO 2001-12-11
CANTIDAD DE MENORES A CARGO 1
Y SITUACION DE CALLE false
dic 18, 2024 4:16:54 P. M. org.example.Sistema.LoggerToFile logInfo
INFO: 
GENERANDO NUEVO REPORTE SEMANAL
dic 18, 2024 4:17:19 P. M. org.example.Sistema.LoggerToFile logInfo
INFO: 
ADMINISTRADOR LOGUEADO
dic 18, 2024 4:18:06 P. M. org.example.Sistema.LoggerToFile logInfo
INFO: 
Archivo guardado correctamente en la direccion /csvs/csvColaboradores.csv
dic 18, 2024 4:18:06 P. M. org.example.Sistema.LoggerToFile logInfo
INFO: COMENZANDO MIGRACION
dic 18, 2024 4:18:06 P. M. org.example.Sistema.LoggerToFile logInfo
INFO: Verificando existencia de colaborador: Juan Corbalan - 43871010
dic 18, 2024 4:18:06 P. M. org.example.Sistema.LoggerToFile logInfo
INFO: Colaborador no encontrado, creando nuevo Colaborador
dic 18, 2024 4:18:06 P. M. org.example.Sistema.LoggerToFile logInfo
INFO: Agregando colaborador a existentes
dic 18, 2024 4:18:06 P. M. org.example.Sistema.LoggerToFile logInfo
INFO: Colaborador persistido con exito
dic 18, 2024 4:18:07 P. M. org.example.Sistema.LoggerToFile logInfo
INFO: Colaborador creado!
dic 18, 2024 4:18:07 P. M. org.example.Sistema.LoggerToFile logInfo
INFO: Identificando Colaboración
dic 18, 2024 4:18:07 P. M. org.example.Sistema.LoggerToFile logInfo
INFO: Colaboracion identificada como donacion de viandas, con una cantidad de 4 viandas, en la fecha: 2023-12-11
dic 18, 2024 4:18:07 P. M. org.example.Sistema.LoggerToFile logInfo
INFO: Verificando existencia de colaborador: Ignacio Montero - 43871011
dic 18, 2024 4:18:07 P. M. org.example.Sistema.LoggerToFile logInfo
INFO: Colaborador no encontrado, creando nuevo Colaborador
dic 18, 2024 4:18:07 P. M. org.example.Sistema.LoggerToFile logInfo
INFO: Agregando colaborador a existentes
dic 18, 2024 4:18:07 P. M. org.example.Sistema.LoggerToFile logInfo
INFO: Colaborador persistido con exito
dic 18, 2024 4:18:08 P. M. org.example.Sistema.LoggerToFile logInfo
INFO: Colaborador creado!
dic 18, 2024 4:18:08 P. M. org.example.Sistema.LoggerToFile logInfo
INFO: Identificando Colaboración
dic 18, 2024 4:18:08 P. M. org.example.Sistema.LoggerToFile logInfo
INFO: Colaboracion identificada como donacion de dinero, con una cantidad de 1000 pesos, en la fecha: 2024-05-09
dic 18, 2024 4:18:08 P. M. org.example.Sistema.LoggerToFile logInfo
INFO: Verificando existencia de colaborador: Penelope Lavalle - 88275662
dic 18, 2024 4:18:08 P. M. org.example.Sistema.LoggerToFile logInfo
INFO: Colaborador no encontrado, creando nuevo Colaborador
dic 18, 2024 4:18:08 P. M. org.example.Sistema.LoggerToFile logInfo
INFO: Agregando colaborador a existentes
dic 18, 2024 4:18:08 P. M. org.example.Sistema.LoggerToFile logInfo
INFO: Colaborador persistido con exito
dic 18, 2024 4:18:09 P. M. org.example.Sistema.LoggerToFile logInfo
INFO: Colaborador creado!
dic 18, 2024 4:18:09 P. M. org.example.Sistema.LoggerToFile logInfo
INFO: Identificando Colaboración
dic 18, 2024 4:18:09 P. M. org.example.Sistema.LoggerToFile logInfo
INFO: Colaboracion identificada como donacion de dinero, con una cantidad de 900 pesos, en la fecha: 2023-09-20
dic 18, 2024 4:18:09 P. M. org.example.Sistema.LoggerToFile logInfo
INFO: Verificando existencia de colaborador: Lorenzo Atierri - 65987554
dic 18, 2024 4:18:09 P. M. org.example.Sistema.LoggerToFile logInfo
INFO: Colaborador no encontrado, creando nuevo Colaborador
dic 18, 2024 4:18:09 P. M. org.example.Sistema.LoggerToFile logInfo
INFO: Agregando colaborador a existentes
dic 18, 2024 4:18:09 P. M. org.example.Sistema.LoggerToFile logInfo
INFO: Colaborador persistido con exito
dic 18, 2024 4:18:10 P. M. org.example.Sistema.LoggerToFile logInfo
INFO: Colaborador creado!
dic 18, 2024 4:18:10 P. M. org.example.Sistema.LoggerToFile logInfo
INFO: Identificando Colaboración
dic 18, 2024 4:18:10 P. M. org.example.Sistema.LoggerToFile logInfo
INFO: Colaboracion identificada como donacion de viandas, con una cantidad de 2 viandas, en la fecha: 2024-03-08
dic 18, 2024 4:18:10 P. M. org.example.Sistema.LoggerToFile logInfo
INFO: Verificando existencia de colaborador: Penelope Lavalle - 88275662
dic 18, 2024 4:18:10 P. M. org.example.Sistema.LoggerToFile logInfo
INFO: Colaborador ya existente!
dic 18, 2024 4:18:10 P. M. org.example.Sistema.LoggerToFile logInfo
INFO: Identificando Colaboración
dic 18, 2024 4:18:10 P. M. org.example.Sistema.LoggerToFile logInfo
INFO: Colaboracion identificada como registro de personas en situacion vulnerable, con una cantidad de 5 tarjetas repartidas, en la fecha: 2023-09-19
dic 18, 2024 4:18:10 P. M. org.example.Sistema.LoggerToFile logInfo
INFO: 
MIGRACION FINALIZADA CON EXITO
dic 18, 2024 4:26:55 P. M. org.example.Sistema.LoggerToFile logInfo
INFO: 
ADMINISTRADOR LOGUEADO
dic 18, 2024 4:27:01 P. M. org.example.Sistema.LoggerToFile logInfo
INFO: 
PERSONA FISICA LOGUEADA
dic 18, 2024 4:27:04 P. M. org.example.Sistema.LoggerToFile logInfo
INFO: 
DONACION DE DINERO DE: 100000 PESOS REGISTRADA CON EXITO
dic 18, 2024 4:27:09 P. M. org.example.Sistema.LoggerToFile logInfo
INFO: 
Oferta: Descuento 20% JumboCanjeada con exito
 25000 fueron substraidos con exito del colaborador
dic 18, 2024 4:27:10 P. M. org.example.Sistema.LoggerToFile logInfo
INFO: 
Oferta: Descuento 5% YPFCanjeada con exito
 25000 fueron substraidos con exito del colaborador
dic 18, 2024 4:27:13 P. M. org.example.Sistema.LoggerToFile logInfo
INFO: 
CANJE NO POSIBLE, COLABORADOR SIN PUNTOS NECESARIOS
dic 18, 2024 4:42:20 P. M. org.example.Sistema.LoggerToFile logInfo
INFO: 
PERSONA FISICA LOGUEADA
dic 18, 2024 4:42:23 P. M. org.example.Sistema.LoggerToFile logInfo
INFO: 
DONACION DE DINERO DE: 1111111 PESOS REGISTRADA CON EXITO
dic 18, 2024 4:42:27 P. M. org.example.Sistema.LoggerToFile logInfo
INFO: 
Oferta: Descuento 15% easyCanjeada con exito
 8000 fueron substraidos con exito del colaborador
dic 18, 2024 4:45:26 P. M. org.example.Sistema.LoggerToFile logInfo
INFO: 
PERSONA FISICA LOGUEADA
dic 18, 2024 4:45:30 P. M. org.example.Sistema.LoggerToFile logInfo
INFO: 
Oferta: Descuento 15% easyCanjeada con exito
 8000 fueron substraidos con exito del colaborador
dic 18, 2024 4:47:48 P. M. org.example.Sistema.LoggerToFile logInfo
INFO: 
PERSONA FISICA LOGUEADA
dic 18, 2024 4:47:51 P. M. org.example.Sistema.LoggerToFile logInfo
INFO: 
Oferta: Descuento 20% JumboCanjeada con exito
 25000 fueron substraidos con exito del colaborador
dic 18, 2024 4:47:58 P. M. org.example.Sistema.LoggerToFile logInfo
INFO: 
Oferta: Descuento 20% JumboCanjeada con exito
 25000 fueron substraidos con exito del colaborador
dic 18, 2024 4:49:24 P. M. org.example.Sistema.LoggerToFile logInfo
INFO: 
PERSONA FISICA LOGUEADA
dic 18, 2024 4:49:53 P. M. org.example.Sistema.LoggerToFile logInfo
INFO: 
USUARIO DE GOOGLE NO REGISTRADO
dic 18, 2024 4:49:53 P. M. org.example.Sistema.LoggerToFile logInfo
INFO: 
Registro de persona fisica seleccionado
dic 18, 2024 4:50:07 P. M. org.example.Sistema.LoggerToFile logInfo
INFO: 
Nueva persona fisica registrada! Datos: 

 Nombre/s: Juan Marcos
 Apellido/s: Corbalan
 Fecha de Nacimiento: 1111-11-11
 Numero de Documento: 11111
 Domicilio: calel 112
 Ciudad: ciudad
 Localidad: localidad
 medios de contacto:
 correo: jcorbalan@frba.utn.edu.ar
 telefono: 111
 Whatsapp: 111
dic 18, 2024 4:50:13 P. M. org.example.Sistema.LoggerToFile logInfo
INFO: 
PERSONA FISICA LOGUEADA CON GOOGLE
dic 18, 2024 4:50:24 P. M. org.example.Sistema.LoggerToFile logInfo
INFO: 
CANJE NO POSIBLE, COLABORADOR SIN PUNTOS NECESARIOS
dic 18, 2024 4:50:32 P. M. org.example.Sistema.LoggerToFile logInfo
INFO: 
DONACION DE DINERO DE: 100000 PESOS REGISTRADA CON EXITO
dic 18, 2024 4:51:14 P. M. org.example.Sistema.LoggerToFile logInfo
INFO: 
CANJE NO POSIBLE, COLABORADOR SIN PUNTOS NECESARIOS
dic 18, 2024 4:52:09 P. M. org.example.Sistema.LoggerToFile logInfo
INFO: 
PERSONA FISICA LOGUEADA
dic 18, 2024 4:52:15 P. M. org.example.Sistema.LoggerToFile logInfo
INFO: 
PERSONA FISICA LOGUEADA CON GOOGLE
dic 18, 2024 4:52:19 P. M. org.example.Sistema.LoggerToFile logInfo
INFO: 
DONACION DE DINERO DE: 100000 PESOS REGISTRADA CON EXITO
dic 18, 2024 4:52:24 P. M. org.example.Sistema.LoggerToFile logInfo
INFO: 
Oferta: Descuento 20% JumboCanjeada con exito
 25000 fueron substraidos con exito del colaborador
dic 18, 2024 4:52:26 P. M. org.example.Sistema.LoggerToFile logInfo
INFO: 
Oferta: Descuento 5% YPFCanjeada con exito
 25000 fueron substraidos con exito del colaborador
dic 18, 2024 4:52:28 P. M. org.example.Sistema.LoggerToFile logInfo
INFO: 
Oferta: Descuento 15% easyCanjeada con exito
 8000 fueron substraidos con exito del colaborador
dic 18, 2024 4:52:29 P. M. org.example.Sistema.LoggerToFile logInfo
INFO: 
Oferta: Descuento 15% easyCanjeada con exito
 8000 fueron substraidos con exito del colaborador
dic 19, 2024 11:44:33 A. M. org.example.Sistema.LoggerToFile logInfo
INFO: 
PERSONA FISICA LOGUEADA
dic 19, 2024 11:51:05 A. M. org.example.Sistema.LoggerToFile logInfo
INFO: 
ADMINISTRADOR LOGUEADO
dic 19, 2024 11:51:09 A. M. org.example.Sistema.LoggerToFile logInfo
INFO: Oferta: Descuento 20% Jumbo activada
dic 19, 2024 11:51:09 A. M. org.example.Sistema.LoggerToFile logInfo
INFO: Oferta: Descuento 5% YPF activada
dic 19, 2024 11:51:09 A. M. org.example.Sistema.LoggerToFile logInfo
INFO: Oferta: Descuento 15% easy activada
dic 19, 2024 11:51:12 A. M. org.example.Sistema.LoggerToFile logInfo
INFO: 
PERSONA FISICA LOGUEADA
dic 19, 2024 11:51:19 A. M. org.example.Sistema.LoggerToFile logInfo
INFO: 
DONACION DE DINERO DE: 1000000 PESOS REGISTRADA CON EXITO
dic 19, 2024 11:51:23 A. M. org.example.Sistema.LoggerToFile logInfo
INFO: 
Oferta: Descuento 15% easyCanjeada con exito
 8000 fueron substraidos con exito del colaborador
dic 19, 2024 11:51:34 A. M. org.example.Sistema.LoggerToFile logInfo
INFO: 
Oferta: Descuento 20% JumboCanjeada con exito
 25000 fueron substraidos con exito del colaborador
dic 19, 2024 11:52:03 A. M. org.example.Sistema.LoggerToFile logInfo
INFO: 
Oferta: Descuento 5% YPFCanjeada con exito
 25000 fueron substraidos con exito del colaborador
dic 19, 2024 11:52:08 A. M. org.example.Sistema.LoggerToFile logInfo
INFO: 
Oferta: Descuento 5% YPFCanjeada con exito
 25000 fueron substraidos con exito del colaborador
dic 19, 2024 11:56:31 A. M. org.example.Sistema.LoggerToFile logInfo
INFO: 
PERSONA FISICA LOGUEADA
dic 19, 2024 11:56:35 A. M. org.example.Sistema.LoggerToFile logInfo
INFO: 
Oferta: Descuento 5% YPFCanjeada con exito
 25000 fueron substraidos con exito del colaborador
dic 19, 2024 11:56:36 A. M. org.example.Sistema.LoggerToFile logInfo
INFO: 
Oferta: Descuento 5% YPFCanjeada con exito
 25000 fueron substraidos con exito del colaborador
dic 19, 2024 11:56:37 A. M. org.example.Sistema.LoggerToFile logInfo
INFO: 
Oferta: Descuento 5% YPFCanjeada con exito
 25000 fueron substraidos con exito del colaborador
dic 19, 2024 11:56:37 A. M. org.example.Sistema.LoggerToFile logInfo
INFO: 
Oferta: Descuento 5% YPFCanjeada con exito
 25000 fueron substraidos con exito del colaborador
dic 19, 2024 11:56:38 A. M. org.example.Sistema.LoggerToFile logInfo
INFO: 
Oferta: Descuento 5% YPFCanjeada con exito
 25000 fueron substraidos con exito del colaborador
dic 19, 2024 11:56:38 A. M. org.example.Sistema.LoggerToFile logInfo
INFO: 
Oferta: Descuento 5% YPFCanjeada con exito
 25000 fueron substraidos con exito del colaborador
dic 19, 2024 11:56:49 A. M. org.example.Sistema.LoggerToFile logInfo
INFO: 
DONACION DE DINERO DE: 1000 PESOS REGISTRADA CON EXITO
dic 19, 2024 11:57:19 A. M. org.example.Sistema.LoggerToFile logInfo
INFO: 
EL USUARIO REALIZO UNA SOLICITUD DE 10 TARJETAS
dic 19, 2024 11:59:56 A. M. org.example.Sistema.LoggerToFile logInfo
INFO: 
PERSONA FISICA LOGUEADA
dic 19, 2024 12:00:13 P. M. org.example.Sistema.LoggerToFile logInfo
INFO: 
SE REGISTRO UNA NUEVA PERSONA EN SITUACION VULNERABLE CON: 
NOMBRE Y APELLIDO: juan corbalan
FECHA DE NACIMIENTO 2001-12-11
CANTIDAD DE MENORES A CARGO 0
Y SITUACION DE CALLE true
dic 19, 2024 12:00:35 P. M. org.example.Sistema.LoggerToFile logInfo
INFO: 
PERSONA FISICA LOGUEADA
dic 19, 2024 12:00:49 P. M. org.example.Sistema.LoggerToFile logInfo
INFO: 
SE REGISTRO UNA NUEVA PERSONA EN SITUACION VULNERABLE CON: 
NOMBRE Y APELLIDO: lautaro martinez
FECHA DE NACIMIENTO 2000-02-10
CANTIDAD DE MENORES A CARGO 2
Y SITUACION DE CALLE true
dic 19, 2024 12:02:49 P. M. org.example.Sistema.LoggerToFile logInfo
INFO: 
PERSONA FISICA LOGUEADA
dic 19, 2024 12:02:54 P. M. org.example.Sistema.LoggerToFile logInfo
INFO: 
DONACION DE DINERO DE: 10000 PESOS REGISTRADA CON EXITO
dic 19, 2024 12:03:00 P. M. org.example.Sistema.LoggerToFile logInfo
INFO: 
Oferta: Descuento 20% JumboCanjeada con exito
 25000 fueron substraidos con exito del colaborador
dic 19, 2024 12:03:02 P. M. org.example.Sistema.LoggerToFile logInfo
INFO: 
Oferta: Descuento 15% easyCanjeada con exito
 8000 fueron substraidos con exito del colaborador
dic 20, 2024 12:27:43 P. M. org.example.Sistema.LoggerToFile logInfo
INFO: 
PERSONA FISICA LOGUEADA
dic 20, 2024 12:33:40 P. M. org.example.Sistema.LoggerToFile logInfo
INFO: 
PERSONA FISICA LOGUEADA
dic 20, 2024 12:36:01 P. M. org.example.Sistema.LoggerToFile logInfo
INFO: 
PERSONA FISICA LOGUEADA
dic 20, 2024 1:27:15 P. M. org.example.Sistema.LoggerToFile logInfo
INFO: 
ADMINISTRADOR LOGUEADO
dic 20, 2024 1:29:17 P. M. org.example.Sistema.LoggerToFile logInfo
INFO: 
ADMINISTRADOR LOGUEADO
dic 20, 2024 1:44:50 P. M. org.example.Sistema.LoggerToFile logInfo
INFO: 
ADMINISTRADOR LOGUEADO
dic 20, 2024 1:45:38 P. M. org.example.Sistema.LoggerToFile logInfo
INFO: 
ADMINISTRADOR LOGUEADO
dic 20, 2024 1:47:07 P. M. org.example.Sistema.LoggerToFile logInfo
INFO: 
ADMINISTRADOR LOGUEADO
dic 20, 2024 1:47:09 P. M. org.example.Sistema.LoggerToFile logInfo
INFO: Heladera: UTN Medrano desactivada
dic 20, 2024 1:47:10 P. M. org.example.Sistema.LoggerToFile logInfo
INFO: Heladera: UTN Medrano activada
dic 20, 2024 1:47:10 P. M. org.example.Sistema.LoggerToFile logInfo
INFO: Heladera: Plaza Dorrego desactivada
dic 20, 2024 1:47:11 P. M. org.example.Sistema.LoggerToFile logInfo
INFO: Heladera: Plaza Dorrego activada
dic 20, 2024 1:47:11 P. M. org.example.Sistema.LoggerToFile logInfo
INFO: Heladera: Estación Constitución desactivada
dic 20, 2024 1:47:11 P. M. org.example.Sistema.LoggerToFile logInfo
INFO: Heladera: Estación Constitución activada
dic 20, 2024 1:47:49 P. M. org.example.Sistema.LoggerToFile logInfo
INFO: 
ADMINISTRADOR LOGUEADO
dic 20, 2024 1:48:59 P. M. org.example.Sistema.LoggerToFile logInfo
INFO: 
ADMINISTRADOR LOGUEADO
dic 20, 2024 1:49:39 P. M. org.example.Sistema.LoggerToFile logInfo
INFO: 
ADMINISTRADOR LOGUEADO
dic 20, 2024 1:50:25 P. M. org.example.Sistema.LoggerToFile logInfo
INFO: 
ADMINISTRADOR LOGUEADO
dic 20, 2024 1:50:55 P. M. org.example.Sistema.LoggerToFile logInfo
INFO: 
ADMINISTRADOR LOGUEADO
dic 20, 2024 1:50:57 P. M. org.example.Sistema.LoggerToFile logInfo
INFO: Heladera: UTN Medrano activada
dic 20, 2024 1:50:58 P. M. org.example.Sistema.LoggerToFile logInfo
INFO: Heladera: Plaza Dorrego desactivada
dic 20, 2024 1:50:59 P. M. org.example.Sistema.LoggerToFile logInfo
INFO: Heladera: Estación Constitución desactivada
dic 20, 2024 1:51:18 P. M. org.example.Sistema.LoggerToFile logInfo
INFO: 
PERSONA FISICA LOGUEADA
dic 20, 2024 2:04:33 P. M. org.example.Sistema.LoggerToFile logInfo
INFO: 
ADMINISTRADOR LOGUEADO
dic 20, 2024 2:04:36 P. M. org.example.Sistema.LoggerToFile logInfo
INFO: Heladera: UTN Medrano desactivada
dic 20, 2024 2:04:36 P. M. org.example.Sistema.LoggerToFile logInfo
INFO: Heladera: Plaza Dorrego desactivada
dic 20, 2024 2:04:38 P. M. org.example.Sistema.LoggerToFile logInfo
INFO: Heladera: Plaza Dorrego activada
dic 20, 2024 2:04:38 P. M. org.example.Sistema.LoggerToFile logInfo
INFO: Heladera: Estación Constitución desactivada
dic 20, 2024 2:04:41 P. M. org.example.Sistema.LoggerToFile logInfo
INFO: 
ADMINISTRADOR LOGUEADO
dic 20, 2024 2:04:47 P. M. org.example.Sistema.LoggerToFile logInfo
INFO: 
PERSONA FISICA LOGUEADA
dic 20, 2024 2:06:46 P. M. org.example.Sistema.LoggerToFile logInfo
INFO: 
ADMINISTRADOR LOGUEADO
dic 20, 2024 2:06:47 P. M. org.example.Sistema.LoggerToFile logInfo
INFO: Heladera: UTN Medrano desactivada
dic 20, 2024 2:06:51 P. M. org.example.Sistema.LoggerToFile logInfo
INFO: 
PERSONA FISICA LOGUEADA
dic 20, 2024 2:07:16 P. M. org.example.Sistema.LoggerToFile logInfo
INFO: 
SE REGISTRO UNA NUEVA FALLA TECNICA EN LA HELADERA: 2
CON DESCRIPCION:  falla
dic 20, 2024 2:16:07 P. M. org.example.Sistema.LoggerToFile logInfo
INFO: 
ADMINISTRADOR LOGUEADO
dic 20, 2024 2:16:24 P. M. org.example.Sistema.LoggerToFile logInfo
INFO: 
Archivo guardado correctamente en la direccion /csvs/csvColaboradores.csv
dic 20, 2024 2:16:24 P. M. org.example.Sistema.LoggerToFile logInfo
INFO: COMENZANDO MIGRACION
dic 20, 2024 2:16:24 P. M. org.example.Sistema.LoggerToFile logInfo
INFO: Verificando existencia de colaborador: Juan Corbalan - 43871010
dic 20, 2024 2:16:24 P. M. org.example.Sistema.LoggerToFile logInfo
INFO: Colaborador no encontrado, creando nuevo Colaborador
dic 20, 2024 2:16:24 P. M. org.example.Sistema.LoggerToFile logInfo
INFO: Agregando colaborador a existentes
dic 20, 2024 2:16:24 P. M. org.example.Sistema.LoggerToFile logInfo
INFO: Colaborador persistido con exito
dic 20, 2024 2:16:25 P. M. org.example.Sistema.LoggerToFile logInfo
INFO: Colaborador creado!
dic 20, 2024 2:16:25 P. M. org.example.Sistema.LoggerToFile logInfo
INFO: Identificando Colaboración
dic 20, 2024 2:16:25 P. M. org.example.Sistema.LoggerToFile logInfo
INFO: Colaboracion identificada como donacion de viandas, con una cantidad de 4 viandas, en la fecha: 2023-12-11
dic 20, 2024 2:16:25 P. M. org.example.Sistema.LoggerToFile logInfo
INFO: Verificando existencia de colaborador: Ignacio Montero - 43871011
dic 20, 2024 2:16:25 P. M. org.example.Sistema.LoggerToFile logInfo
INFO: Colaborador no encontrado, creando nuevo Colaborador
dic 20, 2024 2:16:25 P. M. org.example.Sistema.LoggerToFile logInfo
INFO: Agregando colaborador a existentes
dic 20, 2024 2:16:25 P. M. org.example.Sistema.LoggerToFile logInfo
INFO: Colaborador persistido con exito
dic 20, 2024 2:16:26 P. M. org.example.Sistema.LoggerToFile logInfo
INFO: Colaborador creado!
dic 20, 2024 2:16:26 P. M. org.example.Sistema.LoggerToFile logInfo
INFO: Identificando Colaboración
dic 20, 2024 2:16:26 P. M. org.example.Sistema.LoggerToFile logInfo
INFO: Colaboracion identificada como donacion de dinero, con una cantidad de 1000 pesos, en la fecha: 2024-05-09
dic 20, 2024 2:16:26 P. M. org.example.Sistema.LoggerToFile logInfo
INFO: Verificando existencia de colaborador: Penelope Lavalle - 88275662
dic 20, 2024 2:16:26 P. M. org.example.Sistema.LoggerToFile logInfo
INFO: Colaborador no encontrado, creando nuevo Colaborador
dic 20, 2024 2:16:26 P. M. org.example.Sistema.LoggerToFile logInfo
INFO: Agregando colaborador a existentes
dic 20, 2024 2:16:26 P. M. org.example.Sistema.LoggerToFile logInfo
INFO: Colaborador persistido con exito
dic 20, 2024 2:16:26 P. M. org.example.Sistema.LoggerToFile logInfo
INFO: Colaborador creado!
dic 20, 2024 2:16:26 P. M. org.example.Sistema.LoggerToFile logInfo
INFO: Identificando Colaboración
dic 20, 2024 2:16:26 P. M. org.example.Sistema.LoggerToFile logInfo
INFO: Colaboracion identificada como donacion de dinero, con una cantidad de 900 pesos, en la fecha: 2023-09-20
dic 20, 2024 2:16:26 P. M. org.example.Sistema.LoggerToFile logInfo
INFO: Verificando existencia de colaborador: Lorenzo Atierri - 65987554
dic 20, 2024 2:16:26 P. M. org.example.Sistema.LoggerToFile logInfo
INFO: Colaborador no encontrado, creando nuevo Colaborador
dic 20, 2024 2:16:26 P. M. org.example.Sistema.LoggerToFile logInfo
INFO: Agregando colaborador a existentes
dic 20, 2024 2:16:26 P. M. org.example.Sistema.LoggerToFile logInfo
INFO: Colaborador persistido con exito
dic 20, 2024 2:16:27 P. M. org.example.Sistema.LoggerToFile logInfo
INFO: Colaborador creado!
dic 20, 2024 2:16:27 P. M. org.example.Sistema.LoggerToFile logInfo
INFO: Identificando Colaboración
dic 20, 2024 2:16:27 P. M. org.example.Sistema.LoggerToFile logInfo
INFO: Colaboracion identificada como donacion de viandas, con una cantidad de 2 viandas, en la fecha: 2024-03-08
dic 20, 2024 2:16:27 P. M. org.example.Sistema.LoggerToFile logInfo
INFO: Verificando existencia de colaborador: Penelope Lavalle - 88275662
dic 20, 2024 2:16:27 P. M. org.example.Sistema.LoggerToFile logInfo
INFO: Colaborador ya existente!
dic 20, 2024 2:16:27 P. M. org.example.Sistema.LoggerToFile logInfo
INFO: Identificando Colaboración
dic 20, 2024 2:16:27 P. M. org.example.Sistema.LoggerToFile logInfo
INFO: Colaboracion identificada como registro de personas en situacion vulnerable, con una cantidad de 5 tarjetas repartidas, en la fecha: 2023-09-19
dic 20, 2024 2:16:27 P. M. org.example.Sistema.LoggerToFile logInfo
INFO: 
MIGRACION FINALIZADA CON EXITO
dic 20, 2024 2:21:28 P. M. org.example.Sistema.LoggerToFile logInfo
INFO: 
ADMINISTRADOR LOGUEADO
dic 20, 2024 2:21:36 P. M. org.example.Sistema.LoggerToFile logInfo
INFO: 
Archivo guardado correctamente en la direccion /csvs/csvColaboradores.csv
dic 20, 2024 2:21:36 P. M. org.example.Sistema.LoggerToFile logInfo
INFO: COMENZANDO MIGRACION
dic 20, 2024 2:21:36 P. M. org.example.Sistema.LoggerToFile logInfo
INFO: Verificando existencia de colaborador: Juan Corbalan - 43871010
dic 20, 2024 2:21:36 P. M. org.example.Sistema.LoggerToFile logInfo
INFO: Colaborador no encontrado, creando nuevo Colaborador
dic 20, 2024 2:21:36 P. M. org.example.Sistema.LoggerToFile logInfo
INFO: Agregando colaborador a existentes
dic 20, 2024 2:21:36 P. M. org.example.Sistema.LoggerToFile logInfo
INFO: Colaborador persistido con exito
dic 20, 2024 2:21:37 P. M. org.example.Sistema.LoggerToFile logInfo
INFO: Colaborador creado! %r7LfOH@TV
dic 20, 2024 2:21:37 P. M. org.example.Sistema.LoggerToFile logInfo
INFO: Identificando Colaboración
dic 20, 2024 2:21:37 P. M. org.example.Sistema.LoggerToFile logInfo
INFO: Colaboracion identificada como donacion de viandas, con una cantidad de 4 viandas, en la fecha: 2023-12-11
dic 20, 2024 2:21:37 P. M. org.example.Sistema.LoggerToFile logInfo
INFO: Verificando existencia de colaborador: Ignacio Montero - 43871011
dic 20, 2024 2:21:37 P. M. org.example.Sistema.LoggerToFile logInfo
INFO: Colaborador no encontrado, creando nuevo Colaborador
dic 20, 2024 2:21:37 P. M. org.example.Sistema.LoggerToFile logInfo
INFO: Agregando colaborador a existentes
dic 20, 2024 2:21:37 P. M. org.example.Sistema.LoggerToFile logInfo
INFO: Colaborador persistido con exito
dic 20, 2024 2:21:38 P. M. org.example.Sistema.LoggerToFile logInfo
INFO: Colaborador creado! ^$6*pgyD%j
dic 20, 2024 2:21:38 P. M. org.example.Sistema.LoggerToFile logInfo
INFO: Identificando Colaboración
dic 20, 2024 2:21:38 P. M. org.example.Sistema.LoggerToFile logInfo
INFO: Colaboracion identificada como donacion de dinero, con una cantidad de 1000 pesos, en la fecha: 2024-05-09
dic 20, 2024 2:21:38 P. M. org.example.Sistema.LoggerToFile logInfo
INFO: Verificando existencia de colaborador: Penelope Lavalle - 88275662
dic 20, 2024 2:21:38 P. M. org.example.Sistema.LoggerToFile logInfo
INFO: Colaborador no encontrado, creando nuevo Colaborador
dic 20, 2024 2:21:38 P. M. org.example.Sistema.LoggerToFile logInfo
INFO: Agregando colaborador a existentes
dic 20, 2024 2:21:38 P. M. org.example.Sistema.LoggerToFile logInfo
INFO: Colaborador persistido con exito
dic 20, 2024 2:21:38 P. M. org.example.Sistema.LoggerToFile logInfo
INFO: Colaborador creado! 4(Ii-MwVeq
dic 20, 2024 2:21:38 P. M. org.example.Sistema.LoggerToFile logInfo
INFO: Identificando Colaboración
dic 20, 2024 2:21:38 P. M. org.example.Sistema.LoggerToFile logInfo
INFO: Colaboracion identificada como donacion de dinero, con una cantidad de 900 pesos, en la fecha: 2023-09-20
dic 20, 2024 2:21:38 P. M. org.example.Sistema.LoggerToFile logInfo
INFO: Verificando existencia de colaborador: Lorenzo Atierri - 65987554
dic 20, 2024 2:21:38 P. M. org.example.Sistema.LoggerToFile logInfo
INFO: Colaborador no encontrado, creando nuevo Colaborador
dic 20, 2024 2:21:38 P. M. org.example.Sistema.LoggerToFile logInfo
INFO: Agregando colaborador a existentes
dic 20, 2024 2:21:38 P. M. org.example.Sistema.LoggerToFile logInfo
INFO: Colaborador persistido con exito
dic 20, 2024 2:21:39 P. M. org.example.Sistema.LoggerToFile logInfo
INFO: Colaborador creado! #S4&7l0*6*
dic 20, 2024 2:21:39 P. M. org.example.Sistema.LoggerToFile logInfo
INFO: Identificando Colaboración
dic 20, 2024 2:21:39 P. M. org.example.Sistema.LoggerToFile logInfo
INFO: Colaboracion identificada como donacion de viandas, con una cantidad de 2 viandas, en la fecha: 2024-03-08
dic 20, 2024 2:21:39 P. M. org.example.Sistema.LoggerToFile logInfo
INFO: Verificando existencia de colaborador: Penelope Lavalle - 88275662
dic 20, 2024 2:21:39 P. M. org.example.Sistema.LoggerToFile logInfo
INFO: Colaborador ya existente!
dic 20, 2024 2:21:39 P. M. org.example.Sistema.LoggerToFile logInfo
INFO: Identificando Colaboración
dic 20, 2024 2:21:39 P. M. org.example.Sistema.LoggerToFile logInfo
INFO: Colaboracion identificada como registro de personas en situacion vulnerable, con una cantidad de 5 tarjetas repartidas, en la fecha: 2023-09-19
dic 20, 2024 2:21:39 P. M. org.example.Sistema.LoggerToFile logInfo
INFO: 
MIGRACION FINALIZADA CON EXITO
dic 20, 2024 2:22:35 P. M. org.example.Sistema.LoggerToFile logInfo
INFO: 
PERSONA FISICA LOGUEADA
dic 20, 2024 5:22:18 P. M. org.example.Sistema.LoggerToFile logInfo
INFO: 
ADMINISTRADOR LOGUEADO
dic 20, 2024 5:24:17 P. M. org.example.Sistema.LoggerToFile logInfo
INFO: 
ADMINISTRADOR LOGUEADO
dic 20, 2024 5:41:45 P. M. org.example.Sistema.LoggerToFile logInfo
INFO: 
PERSONA FISICA LOGUEADA
dic 20, 2024 5:41:59 P. M. org.example.Sistema.LoggerToFile logInfo
INFO: 
PERSONA JURIDICA LOGUEADA
dic 20, 2024 5:42:24 P. M. org.example.Sistema.LoggerToFile logInfo
INFO: 
NUEVA OFERTA CARGADA BAJO EL NOMBRE DE: Easy 20% off
 CON UNA CANTIDAD DE 10000 REQUERIDOS Y 10 INSTANCIAS
dic 20, 2024 5:42:30 P. M. org.example.Sistema.LoggerToFile logInfo
INFO: 
PERSONA FISICA LOGUEADA
dic 20, 2024 5:42:38 P. M. org.example.Sistema.LoggerToFile logInfo
INFO: 
ADMINISTRADOR LOGUEADO
dic 20, 2024 5:43:30 P. M. org.example.Sistema.LoggerToFile logInfo
INFO: Oferta: Easy 20% off activada
dic 20, 2024 5:44:34 P. M. org.example.Sistema.LoggerToFile logInfo
INFO: Oferta: Easy 20% off desactivada
dic 20, 2024 5:44:39 P. M. org.example.Sistema.LoggerToFile logInfo
INFO: Oferta: Easy 20% off activada
dic 20, 2024 5:44:44 P. M. org.example.Sistema.LoggerToFile logInfo
INFO: 
PERSONA FISICA LOGUEADA
dic 20, 2024 5:44:49 P. M. org.example.Sistema.LoggerToFile logInfo
INFO: 
CANJE NO POSIBLE, COLABORADOR SIN PUNTOS NECESARIOS
dic 20, 2024 5:45:02 P. M. org.example.Sistema.LoggerToFile logInfo
INFO: 
DONACION DE DINERO DE: 100000 PESOS REGISTRADA CON EXITO
dic 20, 2024 5:45:05 P. M. org.example.Sistema.LoggerToFile logInfo
INFO: 
Oferta: Easy 20% offCanjeada con exito
 10000 fueron substraidos con exito del colaborador
dic 20, 2024 5:45:06 P. M. org.example.Sistema.LoggerToFile logInfo
INFO: 
Oferta: Easy 20% offCanjeada con exito
 10000 fueron substraidos con exito del colaborador
dic 20, 2024 5:45:09 P. M. org.example.Sistema.LoggerToFile logInfo
INFO: 
Oferta: Easy 20% offCanjeada con exito
 10000 fueron substraidos con exito del colaborador
dic 20, 2024 5:46:28 P. M. org.example.Sistema.LoggerToFile logInfo
INFO: 
ADMINISTRADOR LOGUEADO
dic 20, 2024 5:46:30 P. M. org.example.Sistema.LoggerToFile logInfo
INFO: Heladera: UTN Medrano activada
dic 20, 2024 5:46:31 P. M. org.example.Sistema.LoggerToFile logInfo
INFO: Heladera: UTN Medrano desactivada
dic 20, 2024 5:46:31 P. M. org.example.Sistema.LoggerToFile logInfo
INFO: Heladera: Plaza Dorrego desactivada
dic 20, 2024 5:46:32 P. M. org.example.Sistema.LoggerToFile logInfo
INFO: Heladera: Estación Constitución activada
dic 20, 2024 5:46:32 P. M. org.example.Sistema.LoggerToFile logInfo
INFO: Heladera: Plaza Dorrego activada
dic 20, 2024 5:46:32 P. M. org.example.Sistema.LoggerToFile logInfo
INFO: Heladera: UTN Medrano activada
dic 20, 2024 5:46:45 P. M. org.example.Sistema.LoggerToFile logInfo
INFO: 
PERSONA JURIDICA LOGUEADA
dic 20, 2024 5:47:07 P. M. org.example.Sistema.LoggerToFile logInfo
INFO: 
SE REGISTRO UNA SOLICITUD DE HACERSE CARGO DE HELADERA CON EL NOMBRE: Heladera Nueva
 CON TEMPERATURA MINIMA:  7
 Y TEMPERATURA MAXIMA DE : 7 EN EL DOMICILIO DEL COLABORADOR
dic 20, 2024 5:47:13 P. M. org.example.Sistema.LoggerToFile logInfo
INFO: 
ADMINISTRADOR LOGUEADO
dic 20, 2024 5:47:15 P. M. org.example.Sistema.LoggerToFile logInfo
INFO: Heladera: Heladera Nueva activada
dic 20, 2024 5:47:16 P. M. org.example.Sistema.LoggerToFile logInfo
INFO: Heladera: Heladera Nueva desactivada
dic 20, 2024 5:47:17 P. M. org.example.Sistema.LoggerToFile logInfo
INFO: Heladera: Estación Constitución desactivada
dic 20, 2024 5:47:18 P. M. org.example.Sistema.LoggerToFile logInfo
INFO: Heladera: Plaza Dorrego desactivada
dic 20, 2024 5:47:18 P. M. org.example.Sistema.LoggerToFile logInfo
INFO: Heladera: UTN Medrano desactivada
dic 20, 2024 5:47:19 P. M. org.example.Sistema.LoggerToFile logInfo
INFO: Heladera: Plaza Dorrego activada
dic 20, 2024 5:47:19 P. M. org.example.Sistema.LoggerToFile logInfo
INFO: Heladera: Estación Constitución activada
dic 20, 2024 5:47:19 P. M. org.example.Sistema.LoggerToFile logInfo
INFO: Heladera: Heladera Nueva activada
dic 20, 2024 5:47:20 P. M. org.example.Sistema.LoggerToFile logInfo
INFO: Heladera: UTN Medrano activada
dic 20, 2024 5:49:07 P. M. org.example.Sistema.LoggerToFile logInfo
INFO: 
ADMINISTRADOR LOGUEADO
dic 20, 2024 5:50:09 P. M. org.example.Sistema.LoggerToFile logInfo
INFO: 
PERSONA JURIDICA LOGUEADA
dic 20, 2024 5:50:27 P. M. org.example.Sistema.LoggerToFile logInfo
INFO: 
NUEVA OFERTA CARGADA BAJO EL NOMBRE DE: Easy 20% off
 CON UNA CANTIDAD DE 1000 REQUERIDOS Y 10 INSTANCIAS
dic 20, 2024 5:50:44 P. M. org.example.Sistema.LoggerToFile logInfo
INFO: 
NUEVA OFERTA CARGADA BAJO EL NOMBRE DE: Jumbo 10% off
 CON UNA CANTIDAD DE 700 REQUERIDOS Y 15 INSTANCIAS
dic 20, 2024 5:50:48 P. M. org.example.Sistema.LoggerToFile logInfo
INFO: 
ADMINISTRADOR LOGUEADO
dic 20, 2024 5:55:53 P. M. org.example.Sistema.LoggerToFile logInfo
INFO: 
PERSONA JURIDICA LOGUEADA
dic 20, 2024 5:56:29 P. M. org.example.Sistema.LoggerToFile logInfo
INFO: 
NUEVA OFERTA CARGADA BAJO EL NOMBRE DE: Easy 20% off
 CON UNA CANTIDAD DE 1000 REQUERIDOS Y 10 INSTANCIAS
dic 20, 2024 5:56:42 P. M. org.example.Sistema.LoggerToFile logInfo
INFO: 
NUEVA OFERTA CARGADA BAJO EL NOMBRE DE: Jumbo 10% off
 CON UNA CANTIDAD DE 800 REQUERIDOS Y 14 INSTANCIAS
dic 20, 2024 5:56:48 P. M. org.example.Sistema.LoggerToFile logInfo
INFO: 
PERSONA FISICA LOGUEADA
dic 20, 2024 5:56:53 P. M. org.example.Sistema.LoggerToFile logInfo
INFO: 
PERSONA JURIDICA LOGUEADA
dic 20, 2024 5:56:57 P. M. org.example.Sistema.LoggerToFile logInfo
INFO: 
ADMINISTRADOR LOGUEADO
dic 20, 2024 5:59:15 P. M. org.example.Sistema.LoggerToFile logInfo
INFO: 
PERSONA JURIDICA LOGUEADA
dic 20, 2024 5:59:25 P. M. org.example.Sistema.LoggerToFile logInfo
INFO: 
NUEVA OFERTA CARGADA BAJO EL NOMBRE DE: Easy 20% off
 CON UNA CANTIDAD DE 1000 REQUERIDOS Y 10 INSTANCIAS
dic 20, 2024 5:59:34 P. M. org.example.Sistema.LoggerToFile logInfo
INFO: 
NUEVA OFERTA CARGADA BAJO EL NOMBRE DE: Jumbo 10% off
 CON UNA CANTIDAD DE 800 REQUERIDOS Y 14 INSTANCIAS
dic 20, 2024 5:59:41 P. M. org.example.Sistema.LoggerToFile logInfo
INFO: 
ADMINISTRADOR LOGUEADO
dic 20, 2024 5:59:43 P. M. org.example.Sistema.LoggerToFile logInfo
INFO: Oferta: Easy 20% off activada
dic 20, 2024 5:59:43 P. M. org.example.Sistema.LoggerToFile logInfo
INFO: Oferta: Jumbo 10% off activada
dic 20, 2024 5:59:47 P. M. org.example.Sistema.LoggerToFile logInfo
INFO: 
PERSONA FISICA LOGUEADA
dic 20, 2024 6:01:05 P. M. org.example.Sistema.LoggerToFile logInfo
INFO: 
PERSONA FISICA LOGUEADA
dic 20, 2024 6:01:10 P. M. org.example.Sistema.LoggerToFile logInfo
INFO: 
PERSONA JURIDICA LOGUEADA
dic 20, 2024 6:01:22 P. M. org.example.Sistema.LoggerToFile logInfo
INFO: 
NUEVA OFERTA CARGADA BAJO EL NOMBRE DE: Easy 20% off
 CON UNA CANTIDAD DE 1000 REQUERIDOS Y 6 INSTANCIAS
dic 20, 2024 6:01:29 P. M. org.example.Sistema.LoggerToFile logInfo
INFO: 
ADMINISTRADOR LOGUEADO
dic 20, 2024 6:01:33 P. M. org.example.Sistema.LoggerToFile logInfo
INFO: Oferta: Easy 20% off activada
dic 20, 2024 6:01:37 P. M. org.example.Sistema.LoggerToFile logInfo
INFO: 
PERSONA FISICA LOGUEADA
dic 20, 2024 6:01:46 P. M. org.example.Sistema.LoggerToFile logInfo
INFO: 
PERSONA JURIDICA LOGUEADA
dic 20, 2024 6:01:57 P. M. org.example.Sistema.LoggerToFile logInfo
INFO: 
NUEVA OFERTA CARGADA BAJO EL NOMBRE DE: Jumbo 10% off
 CON UNA CANTIDAD DE 800 REQUERIDOS Y 6 INSTANCIAS
dic 20, 2024 6:02:01 P. M. org.example.Sistema.LoggerToFile logInfo
INFO: 
ADMINISTRADOR LOGUEADO
dic 20, 2024 6:02:02 P. M. org.example.Sistema.LoggerToFile logInfo
INFO: Oferta: Jumbo 10% off activada
dic 20, 2024 6:02:05 P. M. org.example.Sistema.LoggerToFile logInfo
INFO: 
PERSONA FISICA LOGUEADA
dic 20, 2024 6:07:32 P. M. org.example.Sistema.LoggerToFile logInfo
INFO: 
PERSONA JURIDICA LOGUEADA
dic 20, 2024 6:07:48 P. M. org.example.Sistema.LoggerToFile logInfo
INFO: 
NUEVA OFERTA CARGADA BAJO EL NOMBRE DE: Easy 20% off
 CON UNA CANTIDAD DE 1000 REQUERIDOS Y 7 INSTANCIAS
dic 20, 2024 6:07:59 P. M. org.example.Sistema.LoggerToFile logInfo
INFO: 
NUEVA OFERTA CARGADA BAJO EL NOMBRE DE: Jumbo 10% off
 CON UNA CANTIDAD DE 800 REQUERIDOS Y 10 INSTANCIAS
dic 20, 2024 6:08:06 P. M. org.example.Sistema.LoggerToFile logInfo
INFO: 
ADMINISTRADOR LOGUEADO
dic 20, 2024 6:08:07 P. M. org.example.Sistema.LoggerToFile logInfo
INFO: Oferta: Easy 20% off activada
dic 20, 2024 6:08:08 P. M. org.example.Sistema.LoggerToFile logInfo
INFO: Oferta: Jumbo 10% off activada
dic 20, 2024 6:08:11 P. M. org.example.Sistema.LoggerToFile logInfo
INFO: 
PERSONA FISICA LOGUEADA
dic 20, 2024 6:11:46 P. M. org.example.Sistema.LoggerToFile logInfo
INFO: 
PERSONA JURIDICA LOGUEADA
dic 20, 2024 6:11:56 P. M. org.example.Sistema.LoggerToFile logInfo
INFO: 
NUEVA OFERTA CARGADA BAJO EL NOMBRE DE: Easy 20% off
 CON UNA CANTIDAD DE 1000 REQUERIDOS Y 6 INSTANCIAS
dic 20, 2024 6:12:09 P. M. org.example.Sistema.LoggerToFile logInfo
INFO: 
NUEVA OFERTA CARGADA BAJO EL NOMBRE DE: Jumbo 10% off
 CON UNA CANTIDAD DE 800 REQUERIDOS Y 10 INSTANCIAS
dic 20, 2024 6:12:15 P. M. org.example.Sistema.LoggerToFile logInfo
INFO: 
ADMINISTRADOR LOGUEADO
dic 20, 2024 6:12:27 P. M. org.example.Sistema.LoggerToFile logInfo
INFO: 
PERSONA JURIDICA LOGUEADA
dic 20, 2024 6:12:48 P. M. org.example.Sistema.LoggerToFile logInfo
INFO: 
NUEVA OFERTA CARGADA BAJO EL NOMBRE DE: Easy 15% off
 CON UNA CANTIDAD DE 500 REQUERIDOS Y 7 INSTANCIAS
dic 20, 2024 6:13:19 P. M. org.example.Sistema.LoggerToFile logInfo
INFO: 
NUEVA OFERTA CARGADA BAJO EL NOMBRE DE: Ypf 15% off
 CON UNA CANTIDAD DE 1500 REQUERIDOS Y 10 INSTANCIAS
dic 20, 2024 6:13:25 P. M. org.example.Sistema.LoggerToFile logInfo
INFO: 
ADMINISTRADOR LOGUEADO
dic 20, 2024 6:13:29 P. M. org.example.Sistema.LoggerToFile logInfo
INFO: Oferta: Ypf 15% off activada
dic 20, 2024 6:13:30 P. M. org.example.Sistema.LoggerToFile logInfo
INFO: Oferta: Easy 15% off activada
dic 20, 2024 6:13:30 P. M. org.example.Sistema.LoggerToFile logInfo
INFO: Oferta: Jumbo 10% off activada
dic 20, 2024 6:13:37 P. M. org.example.Sistema.LoggerToFile logInfo
INFO: 
PERSONA JURIDICA LOGUEADA
dic 20, 2024 6:13:54 P. M. org.example.Sistema.LoggerToFile logInfo
INFO: 
NUEVA OFERTA CARGADA BAJO EL NOMBRE DE: Jumbo 20% off
 CON UNA CANTIDAD DE 1000 REQUERIDOS Y 8 INSTANCIAS
dic 20, 2024 6:14:03 P. M. org.example.Sistema.LoggerToFile logInfo
INFO: 
ADMINISTRADOR LOGUEADO
dic 20, 2024 6:14:07 P. M. org.example.Sistema.LoggerToFile logInfo
INFO: Oferta: Jumbo 20% off activada
dic 20, 2024 6:14:13 P. M. org.example.Sistema.LoggerToFile logInfo
INFO: Oferta: Easy 20% off activada
dic 20, 2024 6:14:15 P. M. org.example.Sistema.LoggerToFile logInfo
INFO: 
PERSONA FISICA LOGUEADA
dic 20, 2024 6:16:30 P. M. org.example.Sistema.LoggerToFile logInfo
INFO: 
PERSONA FISICA LOGUEADA
dic 20, 2024 6:16:38 P. M. org.example.Sistema.LoggerToFile logInfo
INFO: 
ADMINISTRADOR LOGUEADO
dic 20, 2024 6:18:45 P. M. org.example.Sistema.LoggerToFile logInfo
INFO: 
PERSONA FISICA LOGUEADA
dic 20, 2024 6:18:50 P. M. org.example.Sistema.LoggerToFile logInfo
INFO: 
PERSONA JURIDICA LOGUEADA
dic 20, 2024 6:19:00 P. M. org.example.Sistema.LoggerToFile logInfo
INFO: 
NUEVA OFERTA CARGADA BAJO EL NOMBRE DE: Easy 20% off
 CON UNA CANTIDAD DE 1000 REQUERIDOS Y 6 INSTANCIAS
dic 20, 2024 6:19:06 P. M. org.example.Sistema.LoggerToFile logInfo
INFO: 
ADMINISTRADOR LOGUEADO
dic 20, 2024 6:19:11 P. M. org.example.Sistema.LoggerToFile logInfo
INFO: 
PERSONA FISICA LOGUEADA
dic 20, 2024 6:19:16 P. M. org.example.Sistema.LoggerToFile logInfo
INFO: 
ADMINISTRADOR LOGUEADO
dic 20, 2024 6:19:18 P. M. org.example.Sistema.LoggerToFile logInfo
INFO: Oferta: Easy 20% off activada
dic 20, 2024 6:19:21 P. M. org.example.Sistema.LoggerToFile logInfo
INFO: 
PERSONA FISICA LOGUEADA
